0 info it worked if it ends with ok
1 verbose cli [ '/usr/local/bin/node',
1 verbose cli   '/usr/local/bin/npm',
1 verbose cli   'install',
1 verbose cli   '-g',
1 verbose cli   'jsdoc' ]
2 info using npm@2.14.12
3 info using node@v4.2.4
4 verbose install initial load of /usr/local/lib/package.json
5 verbose readDependencies loading dependencies from /usr/local/lib/package.json
6 silly cache add args [ 'jsdoc', null ]
7 verbose cache add spec jsdoc
8 silly cache add parsed spec Result {
8 silly cache add   raw: 'jsdoc',
8 silly cache add   scope: null,
8 silly cache add   name: 'jsdoc',
8 silly cache add   rawSpec: '',
8 silly cache add   spec: 'latest',
8 silly cache add   type: 'tag' }
9 silly addNamed jsdoc@latest
10 verbose addNamed "latest" is being treated as a dist-tag for jsdoc
11 info addNameTag [ 'jsdoc', 'latest' ]
12 silly mapToRegistry name jsdoc
13 silly mapToRegistry using default registry
14 silly mapToRegistry registry https://registry.npmjs.org/
15 silly mapToRegistry uri https://registry.npmjs.org/jsdoc
16 verbose addNameTag registry:https://registry.npmjs.org/jsdoc not in flight; fetching
17 verbose request uri https://registry.npmjs.org/jsdoc
18 verbose request no auth needed
19 info attempt registry request try #1 at 11:45:39 PM
20 verbose request id c7b1c0d0e740bf40
21 verbose etag "CF2EA5RBEB5476NUTCRL4898R"
22 http request GET https://registry.npmjs.org/jsdoc
23 http 304 https://registry.npmjs.org/jsdoc
24 verbose headers { date: 'Wed, 20 Jan 2016 07:45:04 GMT',
24 verbose headers   via: '1.1 varnish',
24 verbose headers   'cache-control': 'max-age=300',
24 verbose headers   etag: '"CF2EA5RBEB5476NUTCRL4898R"',
24 verbose headers   age: '129',
24 verbose headers   connection: 'keep-alive',
24 verbose headers   'x-served-by': 'cache-sjc3126-SJC',
24 verbose headers   'x-cache': 'HIT',
24 verbose headers   'x-cache-hits': '2',
24 verbose headers   'x-timer': 'S1453275904.635837,VS0,VE0',
24 verbose headers   vary: 'Accept' }
25 silly get cb [ 304,
25 silly get   { date: 'Wed, 20 Jan 2016 07:45:04 GMT',
25 silly get     via: '1.1 varnish',
25 silly get     'cache-control': 'max-age=300',
25 silly get     etag: '"CF2EA5RBEB5476NUTCRL4898R"',
25 silly get     age: '129',
25 silly get     connection: 'keep-alive',
25 silly get     'x-served-by': 'cache-sjc3126-SJC',
25 silly get     'x-cache': 'HIT',
25 silly get     'x-cache-hits': '2',
25 silly get     'x-timer': 'S1453275904.635837,VS0,VE0',
25 silly get     vary: 'Accept' } ]
26 verbose etag https://registry.npmjs.org/jsdoc from cache
27 verbose get saving jsdoc to /Users/isabellaspaletta/.npm/registry.npmjs.org/jsdoc/.cache.json
28 silly addNameTag next cb for jsdoc with tag latest
29 silly addNamed jsdoc@3.4.0
30 verbose addNamed "3.4.0" is a plain semver version for jsdoc
31 silly cache afterAdd jsdoc@3.4.0
32 verbose afterAdd /Users/isabellaspaletta/.npm/jsdoc/3.4.0/package/package.json not in flight; writing
33 verbose afterAdd /Users/isabellaspaletta/.npm/jsdoc/3.4.0/package/package.json written
34 silly install resolved [ { name: 'jsdoc',
34 silly install resolved     version: '3.4.0',
34 silly install resolved     revision: '1447115289326',
34 silly install resolved     description: 'An API documentation generator for JavaScript.',
34 silly install resolved     keywords: [ 'documentation', 'javascript' ],
34 silly install resolved     license: 'Apache-2.0',
34 silly install resolved     repository: { type: 'git', url: 'git+https://github.com/jsdoc3/jsdoc.git' },
34 silly install resolved     dependencies:
34 silly install resolved      { async: '~1.4.0',
34 silly install resolved        bluebird: '~2.9.34',
34 silly install resolved        catharsis: '~0.8.7',
34 silly install resolved        'escape-string-regexp': '~1.0.3',
34 silly install resolved        espree: '~2.2.3',
34 silly install resolved        js2xmlparser: '~1.0.0',
34 silly install resolved        marked: '~0.3.4',
34 silly install resolved        requizzle: '~0.2.0',
34 silly install resolved        'strip-json-comments': '~1.0.2',
34 silly install resolved        taffydb: 'https://github.com/hegemonic/taffydb/tarball/7d100bcee0e997ee4977e273cdce60bd8933050e',
34 silly install resolved        underscore: '~1.8.3',
34 silly install resolved        wrench: '~1.5.8' },
34 silly install resolved     devDependencies:
34 silly install resolved      { gulp: '~3.9.0',
34 silly install resolved        'gulp-eslint': '~1.0.0',
34 silly install resolved        'gulp-json-editor': '~2.2.1',
34 silly install resolved        istanbul: '~0.3.17',
34 silly install resolved        tv4: 'https://github.com/hegemonic/tv4/tarball/own-properties' },
34 silly install resolved     engines: { node: '>=0.10' },
34 silly install resolved     scripts: { test: 'gulp lint; gulp test' },
34 silly install resolved     bin: { jsdoc: './jsdoc.js' },
34 silly install resolved     bugs: { url: 'https://github.com/jsdoc3/jsdoc/issues' },
34 silly install resolved     author: { name: 'Michael Mathews', email: 'micmath@gmail.com' },
34 silly install resolved     contributors: [ [Object] ],
34 silly install resolved     maintainers: [ [Object], [Object] ],
34 silly install resolved     gitHead: '62b5dbe0c7519d9126f528436b3b77350698f74b',
34 silly install resolved     homepage: 'https://github.com/jsdoc3/jsdoc#readme',
34 silly install resolved     _id: 'jsdoc@3.4.0',
34 silly install resolved     _shasum: '341cdb06e44a113d9541efd212c95a488064e9ee',
34 silly install resolved     _from: 'jsdoc@latest',
34 silly install resolved     _npmVersion: '2.14.7',
34 silly install resolved     _nodeVersion: '4.2.0',
34 silly install resolved     _npmUser: { name: 'hegemonic', email: 'jeffrey.l.williams@gmail.com' },
34 silly install resolved     dist:
34 silly install resolved      { shasum: '341cdb06e44a113d9541efd212c95a488064e9ee',
34 silly install resolved        tarball: 'http://registry.npmjs.org/jsdoc/-/jsdoc-3.4.0.tgz' },
34 silly install resolved     directories: {},
34 silly install resolved     _resolved: 'https://registry.npmjs.org/jsdoc/-/jsdoc-3.4.0.tgz',
34 silly install resolved     readme: 'ERROR: No README data found!' } ]
35 info install jsdoc@3.4.0 into /usr/local/lib
36 info installOne jsdoc@3.4.0
37 verbose installOne of jsdoc to /usr/local/lib not in flight; installing
38 verbose lock using /Users/isabellaspaletta/.npm/_locks/jsdoc-0b9315c8fe41d1f4.lock for /usr/local/lib/node_modules/jsdoc
39 silly install write writing jsdoc 3.4.0 to /usr/local/lib/node_modules/jsdoc
40 verbose unbuild lib/node_modules/jsdoc
41 silly gentlyRm /usr/local/lib/node_modules/jsdoc is being purged from base /usr/local
42 verbose gentlyRm don't care about contents; nuking /usr/local/lib/node_modules/jsdoc
43 verbose tar unpack /Users/isabellaspaletta/.npm/jsdoc/3.4.0/package.tgz
44 verbose tar unpacking to /usr/local/lib/node_modules/jsdoc
45 silly gentlyRm /usr/local/lib/node_modules/jsdoc is being purged
46 verbose gentlyRm don't care about contents; nuking /usr/local/lib/node_modules/jsdoc
47 silly gunzTarPerm modes [ '755', '644' ]
48 error tar.unpack untar error /Users/isabellaspaletta/.npm/jsdoc/3.4.0/package.tgz
49 verbose unlock done using /Users/isabellaspaletta/.npm/_locks/jsdoc-0b9315c8fe41d1f4.lock for /usr/local/lib/node_modules/jsdoc
50 verbose fstream_path /usr/local/lib/node_modules/jsdoc
51 verbose fstream_type Directory
52 verbose fstream_class DirWriter
53 verbose stack Error: EACCES: permission denied, mkdir '/usr/local/lib/node_modules/jsdoc'
53 verbose stack     at Error (native)
54 verbose fstream_stack /usr/local/lib/node_modules/npm/node_modules/fstream/lib/dir-writer.js:35:25
54 verbose fstream_stack /usr/local/lib/node_modules/npm/node_modules/mkdirp/index.js:47:53
54 verbose fstream_stack FSReqWrap.oncomplete (fs.js:82:15)
55 verbose cwd /Users/isabellaspaletta/INFO498/reply/my_examples
56 error Darwin 15.2.0
57 error argv "/usr/local/bin/node" "/usr/local/bin/npm" "install" "-g" "jsdoc"
58 error node v4.2.4
59 error npm  v2.14.12
60 error path /usr/local/lib/node_modules/jsdoc
61 error code EACCES
62 error errno -13
63 error syscall mkdir
64 error Error: EACCES: permission denied, mkdir '/usr/local/lib/node_modules/jsdoc'
64 error     at Error (native)
64 error  { [Error: EACCES: permission denied, mkdir '/usr/local/lib/node_modules/jsdoc']
64 error   errno: -13,
64 error   code: 'EACCES',
64 error   syscall: 'mkdir',
64 error   path: '/usr/local/lib/node_modules/jsdoc',
64 error   fstream_type: 'Directory',
64 error   fstream_path: '/usr/local/lib/node_modules/jsdoc',
64 error   fstream_class: 'DirWriter',
64 error   fstream_stack:
64 error    [ '/usr/local/lib/node_modules/npm/node_modules/fstream/lib/dir-writer.js:35:25',
64 error      '/usr/local/lib/node_modules/npm/node_modules/mkdirp/index.js:47:53',
64 error      'FSReqWrap.oncomplete (fs.js:82:15)' ] }
65 error Please try running this command again as root/Administrator.
66 verbose exit [ -13, true ]
67 verbose unbuild lib/node_modules/jsdoc
68 silly gentlyRm /usr/local/lib/node_modules/jsdoc is being purged from base /usr/local
69 verbose gentlyRm don't care about contents; nuking /usr/local/lib/node_modules/jsdoc
